  [1m[35m (0.4ms)[0m  [1m[34mSELECT GET_LOCK('4307286195460819830', 0)[0m
  [1m[35m (3.9ms)[0m  [1m[34mSELECT `schema_migrations`.`version` FROM `schema_migrations` ORDER BY `schema_migrations`.`version` ASC[0m
Migrating to CreateUsers (20210614124035)
  [1m[35m (0.3ms)[0m  [1m[34mSELECT @@innodb_file_per_table = 1 AND @@innodb_file_format = 'Barracuda'[0m
  [1m[35m (2.3ms)[0m  [1m[35mCREATE TABLE `users` (`id` bigint NOT NULL AUTO_INCREMENT PRIMARY KEY, `name` varchar(255), `username` varchar(255), `email` varchar(255), `phone` varchar(255), `description` text, `created_at` datetime(6) NOT NULL, `updated_at` datetime(6) NOT NULL)[0m
  [1m[35m (0.2ms)[0m  [1m[34mSELECT RELEASE_LOCK('4307286195460819830')[0m
  [1m[35m (0.2ms)[0m  [1m[34mSELECT GET_LOCK('4307286195460819830', 0)[0m
  [1m[35m (0.2ms)[0m  [1m[34mSELECT `schema_migrations`.`version` FROM `schema_migrations` ORDER BY `schema_migrations`.`version` ASC[0m
Migrating to CreateUsers (20210614124629)
  [1m[35m (0.2ms)[0m  [1m[34mSELECT RELEASE_LOCK('4307286195460819830')[0m
  [1m[35m (0.2ms)[0m  [1m[34mSELECT GET_LOCK('4307286195460819830', 0)[0m
  [1m[35m (0.4ms)[0m  [1m[34mSELECT `schema_migrations`.`version` FROM `schema_migrations` ORDER BY `schema_migrations`.`version` ASC[0m
Migrating to CreateUsers (20210614124629)
  [1m[35m (0.2ms)[0m  [1m[34mSELECT RELEASE_LOCK('4307286195460819830')[0m
  [1m[35m (0.1ms)[0m  [1m[34mSELECT GET_LOCK('4307286195460819830', 0)[0m
  [1m[35m (0.3ms)[0m  [1m[34mSELECT `schema_migrations`.`version` FROM `schema_migrations` ORDER BY `schema_migrations`.`version` ASC[0m
  [1m[36mActiveRecord::InternalMetadata Load (0.3ms)[0m  [1m[34mSELECT `ar_internal_metadata`.* FROM `ar_internal_metadata` WHERE `ar_internal_metadata`.`key` = 'environment' LIMIT 1[0m
  [1m[36mTRANSACTION (0.2ms)[0m  [1m[35mBEGIN[0m
  [1m[36mActiveRecord::InternalMetadata Update (0.5ms)[0m  [1m[33mUPDATE `ar_internal_metadata` SET `ar_internal_metadata`.`value` = 'development', `ar_internal_metadata`.`updated_at` = '2021-06-14 12:51:38.768951' WHERE `ar_internal_metadata`.`key` = 'environment'[0m
  [1m[36mTRANSACTION (3.2ms)[0m  [1m[35mCOMMIT[0m
  [1m[35m (0.2ms)[0m  [1m[34mSELECT RELEASE_LOCK('4307286195460819830')[0m
  [1m[35m (0.2ms)[0m  [1m[34mSELECT `schema_migrations`.`version` FROM `schema_migrations` ORDER BY `schema_migrations`.`version` ASC[0m
  [1m[35m (0.2ms)[0m  [1m[34mSELECT GET_LOCK('4307286195460819830', 0)[0m
  [1m[35m (0.3ms)[0m  [1m[34mSELECT `schema_migrations`.`version` FROM `schema_migrations` ORDER BY `schema_migrations`.`version` ASC[0m
Migrating to CreateUsers (20210614125205)
  [1m[35m (0.2ms)[0m  [1m[34mSELECT @@innodb_file_per_table = 1 AND @@innodb_file_format = 'Barracuda'[0m
  [1m[35m (0.4ms)[0m  [1m[35mCREATE TABLE `users` (`id` bigint NOT NULL AUTO_INCREMENT PRIMARY KEY, `name` varchar(255), `username` varchar(255), `email` varchar(255), `phone` varchar(255), `description` text, `created_at` datetime(6) NOT NULL, `updated_at` datetime(6) NOT NULL)[0m
  [1m[35m (0.2ms)[0m  [1m[34mSELECT RELEASE_LOCK('4307286195460819830')[0m
  [1m[35m (0.1ms)[0m  [1m[34mSELECT GET_LOCK('4307286195460819830', 0)[0m
  [1m[35m (0.3ms)[0m  [1m[34mSELECT `schema_migrations`.`version` FROM `schema_migrations` ORDER BY `schema_migrations`.`version` ASC[0m
Migrating to CreateUsers (20210614125205)
  [1m[35m (0.3ms)[0m  [1m[34mSELECT @@innodb_file_per_table = 1 AND @@innodb_file_format = 'Barracuda'[0m
  [1m[35m (15.3ms)[0m  [1m[35mCREATE TABLE `users` (`id` bigint NOT NULL AUTO_INCREMENT PRIMARY KEY, `name` varchar(255), `username` varchar(255), `email` varchar(255), `phone` varchar(255), `description` text, `created_at` datetime(6) NOT NULL, `updated_at` datetime(6) NOT NULL)[0m
  [1m[36mTRANSACTION (0.1ms)[0m  [1m[35mBEGIN[0m
  [1m[36mActiveRecord::SchemaMigration Create (0.9ms)[0m  [1m[32mINSERT INTO `schema_migrations` (`version`) VALUES ('20210614125205')[0m
  [1m[36mTRANSACTION (2.4ms)[0m  [1m[35mCOMMIT[0m
  [1m[36mActiveRecord::InternalMetadata Load (0.2ms)[0m  [1m[34mSELECT `ar_internal_metadata`.* FROM `ar_internal_metadata` WHERE `ar_internal_metadata`.`key` = 'environment' LIMIT 1[0m
  [1m[35m (0.2ms)[0m  [1m[34mSELECT RELEASE_LOCK('4307286195460819830')[0m
  [1m[35m (0.2ms)[0m  [1m[34mSELECT `schema_migrations`.`version` FROM `schema_migrations` ORDER BY `schema_migrations`.`version` ASC[0m
Started GET "/" for 127.0.0.1 at 2021-06-14 19:55:49 +0700
  [1m[35m (0.6ms)[0m  [1m[34mSELECT `schema_migrations`.`version` FROM `schema_migrations` ORDER BY `schema_migrations`.`version` ASC[0m
Processing by Rails::WelcomeController#index as HTML
  Rendering C:/Ruby30-x64/lib/ruby/gems/3.0.0/gems/railties-6.1.3.2/lib/rails/templates/rails/welcome/index.html.erb
  Rendered C:/Ruby30-x64/lib/ruby/gems/3.0.0/gems/railties-6.1.3.2/lib/rails/templates/rails/welcome/index.html.erb (Duration: 23.9ms | Allocations: 630)
Completed 200 OK in 70ms (Views: 39.2ms | ActiveRecord: 0.0ms | Allocations: 5057)


Started GET "/" for 127.0.0.1 at 2021-06-14 19:55:50 +0700
Processing by Rails::WelcomeController#index as HTML
  Rendering C:/Ruby30-x64/lib/ruby/gems/3.0.0/gems/railties-6.1.3.2/lib/rails/templates/rails/welcome/index.html.erb
  Rendered C:/Ruby30-x64/lib/ruby/gems/3.0.0/gems/railties-6.1.3.2/lib/rails/templates/rails/welcome/index.html.erb (Duration: 4.0ms | Allocations: 262)
Completed 200 OK in 7ms (Views: 5.4ms | ActiveRecord: 0.0ms | Allocations: 1177)


Started GET "/" for 127.0.0.1 at 2021-06-14 19:56:37 +0700
Processing by Rails::WelcomeController#index as HTML
  Rendering C:/Ruby30-x64/lib/ruby/gems/3.0.0/gems/railties-6.1.3.2/lib/rails/templates/rails/welcome/index.html.erb
  Rendered C:/Ruby30-x64/lib/ruby/gems/3.0.0/gems/railties-6.1.3.2/lib/rails/templates/rails/welcome/index.html.erb (Duration: 0.2ms | Allocations: 47)
Completed 200 OK in 1ms (Views: 1.0ms | ActiveRecord: 0.0ms | Allocations: 470)


Started GET "/" for 127.0.0.1 at 2021-06-14 19:56:39 +0700
Processing by Rails::WelcomeController#index as HTML
  Rendering C:/Ruby30-x64/lib/ruby/gems/3.0.0/gems/railties-6.1.3.2/lib/rails/templates/rails/welcome/index.html.erb
  Rendered C:/Ruby30-x64/lib/ruby/gems/3.0.0/gems/railties-6.1.3.2/lib/rails/templates/rails/welcome/index.html.erb (Duration: 0.2ms | Allocations: 46)
Completed 200 OK in 1ms (Views: 1.0ms | ActiveRecord: 0.0ms | Allocations: 416)


Started GET "/" for 127.0.0.1 at 2021-06-14 19:57:12 +0700
Processing by UsersController#index as HTML
  Rendering layout layouts/application.html.erb
  Rendering users/index.html.erb within layouts/application
  [1m[36mUser Load (0.8ms)[0m  [1m[34mSELECT `users`.* FROM `users`[0m
  ↳ app/views/users/index.html.erb:4
  Rendered users/index.html.erb within layouts/application (Duration: 4.9ms | Allocations: 1299)
[Webpacker] Compiling...
Started GET "/" for 127.0.0.1 at 2021-06-14 19:57:14 +0700
[Webpacker] Compiled all packs in D:/1. Working/7.TINY/github/TINY-exercises/W02/public/packs
[Webpacker] Though the "loose" option was set to "false" in your @babel/preset-env config, it will not be used for @babel/plugin-proposal-private-methods since the "loose" mode option was set to "true" for @babel/plugin-proposal-class-properties.
The "loose" option must be the same for @babel/plugin-proposal-class-properties, @babel/plugin-proposal-private-methods and @babel/plugin-proposal-private-property-in-object (when they are enabled): you can silence this warning by explicitly adding
	["@babel/plugin-proposal-private-methods", { "loose": true }]
to the "plugins" section of your Babel config.
Though the "loose" option was set to "false" in your @babel/preset-env config, it will not be used for @babel/plugin-proposal-private-methods since the "loose" mode option was set to "true" for @babel/plugin-proposal-class-properties.
The "loose" option must be the same for @babel/plugin-proposal-class-properties, @babel/plugin-proposal-private-methods and @babel/plugin-proposal-private-property-in-object (when they are enabled): you can silence this warning by explicitly adding
	["@babel/plugin-proposal-private-methods", { "loose": true }]
to the "plugins" section of your Babel config.
Though the "loose" option was set to "false" in your @babel/preset-env config, it will not be used for @babel/plugin-proposal-private-methods since the "loose" mode option was set to "true" for @babel/plugin-proposal-class-properties.
The "loose" option must be the same for @babel/plugin-proposal-class-properties, @babel/plugin-proposal-private-methods and @babel/plugin-proposal-private-property-in-object (when they are enabled): you can silence this warning by explicitly adding
	["@babel/plugin-proposal-private-methods", { "loose": true }]
to the "plugins" section of your Babel config.
Though the "loose" option was set to "false" in your @babel/preset-env config, it will not be used for @babel/plugin-proposal-private-methods since the "loose" mode option was set to "true" for @babel/plugin-proposal-class-properties.
The "loose" option must be the same for @babel/plugin-proposal-class-properties, @babel/plugin-proposal-private-methods and @babel/plugin-proposal-private-property-in-object (when they are enabled): you can silence this warning by explicitly adding
	["@babel/plugin-proposal-private-methods", { "loose": true }]
to the "plugins" section of your Babel config.
Though the "loose" option was set to "false" in your @babel/preset-env config, it will not be used for @babel/plugin-proposal-private-methods since the "loose" mode option was set to "true" for @babel/plugin-proposal-class-properties.
The "loose" option must be the same for @babel/plugin-proposal-class-properties, @babel/plugin-proposal-private-methods and @babel/plugin-proposal-private-property-in-object (when they are enabled): you can silence this warning by explicitly adding
	["@babel/plugin-proposal-private-methods", { "loose": true }]
to the "plugins" section of your Babel config.
Though the "loose" option was set to "false" in your @babel/preset-env config, it will not be used for @babel/plugin-proposal-private-methods since the "loose" mode option was set to "true" for @babel/plugin-proposal-class-properties.
The "loose" option must be the same for @babel/plugin-proposal-class-properties, @babel/plugin-proposal-private-methods and @babel/plugin-proposal-private-property-in-object (when they are enabled): you can silence this warning by explicitly adding
	["@babel/plugin-proposal-private-methods", { "loose": true }]
to the "plugins" section of your Babel config.

[Webpacker] Hash: e332c6419728fac579d5
Version: webpack 4.46.0
Time: 4170ms
Built at: 06/14/2021 7:57:23 PM
                                     Asset       Size       Chunks                         Chunk Names
    js/application-f826770d917d8a37c1d8.js    125 KiB  application  [emitted] [immutable]  application
js/application-f826770d917d8a37c1d8.js.map    139 KiB  application  [emitted] [dev]        application
                             manifest.json  364 bytes               [emitted]              
Entrypoint application = js/application-f826770d917d8a37c1d8.js js/application-f826770d917d8a37c1d8.js.map
[./app/javascript/channels sync recursive _channel\.js$] ./app/javascript/channels sync _channel\.js$ 160 bytes {application} [built]
[./app/javascript/channels/index.js] 211 bytes {application} [built]
[./app/javascript/packs/application.js] 492 bytes {application} [built]
[./node_modules/webpack/buildin/module.js] (webpack)/buildin/module.js 552 bytes {application} [built]
    + 3 hidden modules

  Rendered layout layouts/application.html.erb (Duration: 11100.1ms | Allocations: 18315)
Completed 200 OK in 11108ms (Views: 11103.0ms | ActiveRecord: 0.8ms | Allocations: 20542)


Processing by UsersController#index as HTML
  Rendering layout layouts/application.html.erb
  Rendering users/index.html.erb within layouts/application
  [1m[36mUser Load (0.9ms)[0m  [1m[34mSELECT `users`.* FROM `users`[0m
  ↳ app/views/users/index.html.erb:4
  Rendered users/index.html.erb within layouts/application (Duration: 2.9ms | Allocations: 981)
Started GET "/" for 127.0.0.1 at 2021-06-14 19:57:23 +0700
[Webpacker] Everything's up-to-date. Nothing to do
  Rendered layout layouts/application.html.erb (Duration: 50.7ms | Allocations: 5150)
Completed 200 OK in 54ms (Views: 51.5ms | ActiveRecord: 0.9ms | Allocations: 6583)


Processing by UsersController#index as HTML
  Rendering layout layouts/application.html.erb
  Rendering users/index.html.erb within layouts/application
  [1m[36mUser Load (0.7ms)[0m  [1m[34mSELECT `users`.* FROM `users`[0m
  ↳ app/views/users/index.html.erb:4
  Rendered users/index.html.erb within layouts/application (Duration: 7.1ms | Allocations: 756)
[Webpacker] Everything's up-to-date. Nothing to do
  Rendered layout layouts/application.html.erb (Duration: 44.6ms | Allocations: 4267)
Completed 200 OK in 46ms (Views: 45.3ms | ActiveRecord: 0.7ms | Allocations: 4749)


Started GET "/users/new" for 127.0.0.1 at 2021-06-14 19:57:28 +0700
Processing by UsersController#new as HTML
  Rendering layout layouts/application.html.erb
  Rendering users/new.html.erb within layouts/application
  Rendered users/_form.html.erb (Duration: 48.8ms | Allocations: 7377)
  Rendered users/new.html.erb within layouts/application (Duration: 52.6ms | Allocations: 7737)
[Webpacker] Everything's up-to-date. Nothing to do
  Rendered layout layouts/application.html.erb (Duration: 85.2ms | Allocations: 11272)
Completed 200 OK in 98ms (Views: 87.1ms | ActiveRecord: 4.4ms | Allocations: 16985)


Started POST "/users" for 127.0.0.1 at 2021-06-14 19:57:46 +0700
Processing by UsersController#create as HTML
  Parameters: {"authenticity_token"=>"[FILTERED]", "user"=>{"name"=>"Nhut", "username"=>"nhutn", "email"=>"nhut@gmail.com", "phone"=>"0989979121", "description"=>"This is Nhut!"}, "commit"=>"Create User"}
  [1m[36mTRANSACTION (0.6ms)[0m  [1m[35mBEGIN[0m
  ↳ app/controllers/users_controller.rb:17:in `create'
  [1m[36mUser Create (1.1ms)[0m  [1m[32mINSERT INTO `users` (`name`, `username`, `email`, `phone`, `description`, `created_at`, `updated_at`) VALUES ('Nhut', 'nhutn', 'nhut@gmail.com', '0989979121', 'This is Nhut!', '2021-06-14 12:57:46.626240', '2021-06-14 12:57:46.626240')[0m
  ↳ app/controllers/users_controller.rb:17:in `create'
  [1m[36mTRANSACTION (3.1ms)[0m  [1m[35mCOMMIT[0m
  ↳ app/controllers/users_controller.rb:17:in `create'
Redirected to http://127.0.0.1:3000/users/1
Completed 302 Found in 17ms (ActiveRecord: 4.9ms | Allocations: 3614)


Started GET "/users/1" for 127.0.0.1 at 2021-06-14 19:57:46 +0700
Processing by UsersController#show as HTML
  Parameters: {"id"=>"1"}
  [1m[36mUser Load (0.7ms)[0m  [1m[34mSELECT `users`.* FROM `users` WHERE `users`.`id` = 1 LIMIT 1[0m
  ↳ app/controllers/users_controller.rb:7:in `show'
  Rendering layout layouts/application.html.erb
  Rendering users/show.html.erb within layouts/application
  Rendered users/show.html.erb within layouts/application (Duration: 3.4ms | Allocations: 418)
[Webpacker] Everything's up-to-date. Nothing to do
  Rendered layout layouts/application.html.erb (Duration: 34.1ms | Allocations: 4012)
Completed 200 OK in 78ms (Views: 41.5ms | ActiveRecord: 0.7ms | Allocations: 8484)


Started GET "/users" for 127.0.0.1 at 2021-06-14 19:57:49 +0700
Processing by UsersController#index as HTML
  Rendering layout layouts/application.html.erb
  Rendering users/index.html.erb within layouts/application
  [1m[36mUser Load (0.8ms)[0m  [1m[34mSELECT `users`.* FROM `users`[0m
  ↳ app/views/users/index.html.erb:4
  Rendered users/index.html.erb within layouts/application (Duration: 7.8ms | Allocations: 890)
[Webpacker] Everything's up-to-date. Nothing to do
  Rendered layout layouts/application.html.erb (Duration: 38.9ms | Allocations: 4392)
Completed 200 OK in 41ms (Views: 40.1ms | ActiveRecord: 0.8ms | Allocations: 4906)


Started GET "/users/new" for 127.0.0.1 at 2021-06-14 19:57:50 +0700
Processing by UsersController#new as HTML
  Rendering layout layouts/application.html.erb
  Rendering users/new.html.erb within layouts/application
  Rendered users/_form.html.erb (Duration: 2.0ms | Allocations: 1296)
  Rendered users/new.html.erb within layouts/application (Duration: 2.8ms | Allocations: 1394)
[Webpacker] Everything's up-to-date. Nothing to do
  Rendered layout layouts/application.html.erb (Duration: 40.2ms | Allocations: 4879)
Completed 200 OK in 43ms (Views: 42.2ms | ActiveRecord: 0.0ms | Allocations: 5370)


Started POST "/users" for 127.0.0.1 at 2021-06-14 19:58:08 +0700
Processing by UsersController#create as HTML
  Parameters: {"authenticity_token"=>"[FILTERED]", "user"=>{"name"=>"Lam", "username"=>"lamn", "email"=>"lam@gmail.com", "phone"=>"0912345678", "description"=>"This is Lam!"}, "commit"=>"Create User"}
  [1m[36mTRANSACTION (0.9ms)[0m  [1m[35mBEGIN[0m
  ↳ app/controllers/users_controller.rb:17:in `create'
  [1m[36mUser Create (1.6ms)[0m  [1m[32mINSERT INTO `users` (`name`, `username`, `email`, `phone`, `description`, `created_at`, `updated_at`) VALUES ('Lam', 'lamn', 'lam@gmail.com', '0912345678', 'This is Lam!', '2021-06-14 12:58:08.171641', '2021-06-14 12:58:08.171641')[0m
  ↳ app/controllers/users_controller.rb:17:in `create'
  [1m[36mTRANSACTION (3.0ms)[0m  [1m[35mCOMMIT[0m
  ↳ app/controllers/users_controller.rb:17:in `create'
Redirected to http://127.0.0.1:3000/users/2
Completed 302 Found in 30ms (ActiveRecord: 5.6ms | Allocations: 2636)


Started GET "/users/2" for 127.0.0.1 at 2021-06-14 19:58:08 +0700
Processing by UsersController#show as HTML
  Parameters: {"id"=>"2"}
  [1m[36mUser Load (0.8ms)[0m  [1m[34mSELECT `users`.* FROM `users` WHERE `users`.`id` = 2 LIMIT 1[0m
  ↳ app/controllers/users_controller.rb:7:in `show'
  Rendering layout layouts/application.html.erb
  Rendering users/show.html.erb within layouts/application
  Rendered users/show.html.erb within layouts/application (Duration: 0.3ms | Allocations: 139)
[Webpacker] Everything's up-to-date. Nothing to do
  Rendered layout layouts/application.html.erb (Duration: 32.2ms | Allocations: 3636)
Completed 200 OK in 43ms (Views: 39.4ms | ActiveRecord: 0.8ms | Allocations: 4704)


Started GET "/users" for 127.0.0.1 at 2021-06-14 19:58:10 +0700
Processing by UsersController#index as HTML
  Rendering layout layouts/application.html.erb
  Rendering users/index.html.erb within layouts/application
  [1m[36mUser Load (0.9ms)[0m  [1m[34mSELECT `users`.* FROM `users`[0m
  ↳ app/views/users/index.html.erb:4
  Rendered users/index.html.erb within layouts/application (Duration: 2.9ms | Allocations: 988)
[Webpacker] Everything's up-to-date. Nothing to do
  Rendered layout layouts/application.html.erb (Duration: 45.9ms | Allocations: 4485)
Completed 200 OK in 49ms (Views: 47.4ms | ActiveRecord: 0.9ms | Allocations: 4964)


Started GET "/users" for 127.0.0.1 at 2021-06-14 20:35:06 +0700
Processing by UsersController#index as HTML
  Rendering layout layouts/application.html.erb
  Rendering users/index.html.erb within layouts/application
  [1m[36mUser Load (0.8ms)[0m  [1m[34mSELECT `users`.* FROM `users`[0m
  ↳ app/views/users/index.html.erb:4
  Rendered users/index.html.erb within layouts/application (Duration: 6.1ms | Allocations: 1423)
[Webpacker] Everything's up-to-date. Nothing to do
  Rendered layout layouts/application.html.erb (Duration: 39.5ms | Allocations: 4925)
Completed 200 OK in 42ms (Views: 41.1ms | ActiveRecord: 1.8ms | Allocations: 5399)


Started GET "/users" for 127.0.0.1 at 2021-06-14 21:04:44 +0700
Processing by UsersController#index as HTML
  Rendering layout layouts/application.html.erb
  Rendering users/index.html.erb within layouts/application
  [1m[36mUser Load (0.8ms)[0m  [1m[34mSELECT `users`.* FROM `users`[0m
  ↳ app/views/users/index.html.erb:4
  Rendered users/index.html.erb within layouts/application (Duration: 21.0ms | Allocations: 5434)
[Webpacker] Everything's up-to-date. Nothing to do
  Rendered layout layouts/application.html.erb (Duration: 57.2ms | Allocations: 9119)
Completed 200 OK in 64ms (Views: 59.2ms | ActiveRecord: 1.8ms | Allocations: 10606)


Started GET "/users" for 127.0.0.1 at 2021-06-14 21:04:46 +0700
Processing by UsersController#index as HTML
  Rendering layout layouts/application.html.erb
  Rendering users/index.html.erb within layouts/application
  [1m[36mUser Load (0.9ms)[0m  [1m[34mSELECT `users`.* FROM `users`[0m
  ↳ app/views/users/index.html.erb:4
  Rendered users/index.html.erb within layouts/application (Duration: 3.5ms | Allocations: 870)
[Webpacker] Everything's up-to-date. Nothing to do
  Rendered layout layouts/application.html.erb (Duration: 36.2ms | Allocations: 4367)
Completed 200 OK in 44ms (Views: 42.8ms | ActiveRecord: 0.9ms | Allocations: 4895)


Started GET "/users/new" for 127.0.0.1 at 2021-06-14 21:06:43 +0700
Processing by UsersController#new as HTML
  Rendering layout layouts/application.html.erb
  Rendering users/new.html.erb within layouts/application
  Rendered users/_form.html.erb (Duration: 3.9ms | Allocations: 1364)
  Rendered users/new.html.erb within layouts/application (Duration: 4.6ms | Allocations: 1465)
[Webpacker] Everything's up-to-date. Nothing to do
  Rendered layout layouts/application.html.erb (Duration: 43.9ms | Allocations: 4950)
Completed 200 OK in 47ms (Views: 45.7ms | ActiveRecord: 0.0ms | Allocations: 5449)


Started GET "/" for 127.0.0.1 at 2021-06-14 21:06:48 +0700
Processing by UsersController#index as HTML
  Rendering layout layouts/application.html.erb
  Rendering users/index.html.erb within layouts/application
  [1m[36mUser Load (0.8ms)[0m  [1m[34mSELECT `users`.* FROM `users`[0m
  ↳ app/views/users/index.html.erb:4
  Rendered users/index.html.erb within layouts/application (Duration: 7.6ms | Allocations: 870)
[Webpacker] Everything's up-to-date. Nothing to do
  Rendered layout layouts/application.html.erb (Duration: 50.9ms | Allocations: 4367)
Completed 200 OK in 54ms (Views: 52.2ms | ActiveRecord: 0.8ms | Allocations: 4843)


Started GET "/users/new" for 127.0.0.1 at 2021-06-14 21:06:50 +0700
Processing by UsersController#new as HTML
  Rendering layout layouts/application.html.erb
  Rendering users/new.html.erb within layouts/application
  Rendered users/_form.html.erb (Duration: 1.7ms | Allocations: 1231)
  Rendered users/new.html.erb within layouts/application (Duration: 2.3ms | Allocations: 1325)
[Webpacker] Everything's up-to-date. Nothing to do
  Rendered layout layouts/application.html.erb (Duration: 43.5ms | Allocations: 4815)
Completed 200 OK in 53ms (Views: 52.1ms | ActiveRecord: 0.0ms | Allocations: 5299)


Started GET "/" for 127.0.0.1 at 2021-06-14 21:06:52 +0700
Processing by UsersController#index as HTML
  Rendering layout layouts/application.html.erb
  Rendering users/index.html.erb within layouts/application
  [1m[36mUser Load (0.8ms)[0m  [1m[34mSELECT `users`.* FROM `users`[0m
  ↳ app/views/users/index.html.erb:4
  Rendered users/index.html.erb within layouts/application (Duration: 8.8ms | Allocations: 872)
[Webpacker] Everything's up-to-date. Nothing to do
  Rendered layout layouts/application.html.erb (Duration: 52.2ms | Allocations: 4374)
Completed 200 OK in 55ms (Views: 53.3ms | ActiveRecord: 0.8ms | Allocations: 4851)


Started GET "/" for 127.0.0.1 at 2021-06-14 21:06:57 +0700
Processing by UsersController#index as HTML
  Rendering layout layouts/application.html.erb
  Rendering users/index.html.erb within layouts/application
  [1m[36mUser Load (1.1ms)[0m  [1m[34mSELECT `users`.* FROM `users`[0m
  ↳ app/views/users/index.html.erb:4
  Rendered users/index.html.erb within layouts/application (Duration: 2.8ms | Allocations: 870)
[Webpacker] Everything's up-to-date. Nothing to do
  Rendered layout layouts/application.html.erb (Duration: 33.4ms | Allocations: 4367)
Completed 200 OK in 45ms (Views: 42.9ms | ActiveRecord: 1.1ms | Allocations: 4843)


Started GET "/users/new" for 127.0.0.1 at 2021-06-14 21:06:59 +0700
Processing by UsersController#new as HTML
  Rendering layout layouts/application.html.erb
  Rendering users/new.html.erb within layouts/application
  Rendered users/_form.html.erb (Duration: 1.7ms | Allocations: 1231)
  Rendered users/new.html.erb within layouts/application (Duration: 2.3ms | Allocations: 1325)
[Webpacker] Everything's up-to-date. Nothing to do
  Rendered layout layouts/application.html.erb (Duration: 41.8ms | Allocations: 4810)
Completed 200 OK in 44ms (Views: 43.8ms | ActiveRecord: 0.0ms | Allocations: 5294)


Started GET "/new" for 127.0.0.1 at 2021-06-14 21:07:01 +0700
  
ActionController::RoutingError (No route matches [GET] "/new"):
  
Started GET "/users/new" for 127.0.0.1 at 2021-06-14 21:07:06 +0700
Processing by UsersController#new as HTML
  Rendering layout layouts/application.html.erb
  Rendering users/new.html.erb within layouts/application
  Rendered users/_form.html.erb (Duration: 1.5ms | Allocations: 1321)
  Rendered users/new.html.erb within layouts/application (Duration: 7.5ms | Allocations: 1415)
[Webpacker] Everything's up-to-date. Nothing to do
  Rendered layout layouts/application.html.erb (Duration: 38.2ms | Allocations: 5021)
Completed 200 OK in 42ms (Views: 41.0ms | ActiveRecord: 0.0ms | Allocations: 5596)


Started POST "/users" for 127.0.0.1 at 2021-06-14 21:11:33 +0700
Processing by UsersController#create as HTML
  Parameters: {"authenticity_token"=>"[FILTERED]", "user"=>{"name"=>"Hung Duong", "username"=>"hungduong", "email"=>"nhut.nguyenminh88@gmail.com", "phone"=>"989979121", "description"=>"This is Hung!!"}, "commit"=>"Create User"}
  [1m[36mTRANSACTION (0.8ms)[0m  [1m[35mBEGIN[0m
  ↳ app/controllers/users_controller.rb:17:in `create'
  [1m[36mUser Create (1.4ms)[0m  [1m[32mINSERT INTO `users` (`name`, `username`, `email`, `phone`, `description`, `created_at`, `updated_at`) VALUES ('Hung Duong', 'hungduong', 'nhut.nguyenminh88@gmail.com', '989979121', 'This is Hung!!', '2021-06-14 14:11:33.641295', '2021-06-14 14:11:33.641295')[0m
  ↳ app/controllers/users_controller.rb:17:in `create'
  [1m[36mTRANSACTION (2.9ms)[0m  [1m[35mCOMMIT[0m
  ↳ app/controllers/users_controller.rb:17:in `create'
Redirected to http://127.0.0.1:3000/users/36
Completed 302 Found in 28ms (ActiveRecord: 5.1ms | Allocations: 2877)


Started GET "/users/36" for 127.0.0.1 at 2021-06-14 21:11:33 +0700
Processing by UsersController#show as HTML
  Parameters: {"id"=>"36"}
  [1m[36mUser Load (0.7ms)[0m  [1m[34mSELECT `users`.* FROM `users` WHERE `users`.`id` = 36 LIMIT 1[0m
  ↳ app/controllers/users_controller.rb:7:in `show'
  Rendering layout layouts/application.html.erb
  Rendering users/show.html.erb within layouts/application
  Rendered users/show.html.erb within layouts/application (Duration: 0.3ms | Allocations: 147)
[Webpacker] Everything's up-to-date. Nothing to do
  Rendered layout layouts/application.html.erb (Duration: 37.3ms | Allocations: 3645)
Completed 200 OK in 53ms (Views: 45.2ms | ActiveRecord: 0.7ms | Allocations: 4932)


Started GET "/__identify__" for 127.0.0.1 at 2021-06-14 21:40:13 +0700
  
ActionController::RoutingError (No route matches [GET] "/__identify__"):
  
Started GET "/__identify__" for 127.0.0.1 at 2021-06-14 21:40:13 +0700
  
ActionController::RoutingError (No route matches [GET] "/__identify__"):
  
Started GET "/" for ::1 at 2021-06-14 21:57:54 +0700
Processing by UsersController#index as HTML
  Rendering layout layouts/application.html.erb
  Rendering users/index.html.erb within layouts/application
  [1m[36mUser Load (0.9ms)[0m  [1m[34mSELECT `users`.* FROM `users`[0m
  ↳ app/views/users/index.html.erb:4
  Rendered users/index.html.erb within layouts/application (Duration: 8.9ms | Allocations: 1317)
[Webpacker] Everything's up-to-date. Nothing to do
  Rendered layout layouts/application.html.erb (Duration: 57.5ms | Allocations: 4838)
Completed 200 OK in 60ms (Views: 59.1ms | ActiveRecord: 2.1ms | Allocations: 5262)


Started GET "/" for ::1 at 2021-06-14 22:02:23 +0700
Processing by UsersController#index as HTML
  Rendering layout layouts/application.html.erb
  Rendering users/index.html.erb within layouts/application
  [1m[36mUser Load (1.0ms)[0m  [1m[34mSELECT `users`.* FROM `users`[0m
  ↳ app/views/users/index.html.erb:4
  Rendered users/index.html.erb within layouts/application (Duration: 3.7ms | Allocations: 988)
[Webpacker] Everything's up-to-date. Nothing to do
  Rendered layout layouts/application.html.erb (Duration: 48.6ms | Allocations: 4485)
Completed 200 OK in 51ms (Views: 49.5ms | ActiveRecord: 1.0ms | Allocations: 4961)


Started GET "/" for ::1 at 2021-06-14 22:03:30 +0700
Processing by UsersController#index as HTML
  Rendering layout layouts/application.html.erb
  Rendering users/index.html.erb within layouts/application
  [1m[36mUser Load (0.9ms)[0m  [1m[34mSELECT `users`.* FROM `users`[0m
  ↳ app/views/users/index.html.erb:4
  Rendered users/index.html.erb within layouts/application (Duration: 5.7ms | Allocations: 1403)
[Webpacker] Everything's up-to-date. Nothing to do
  Rendered layout layouts/application.html.erb (Duration: 46.7ms | Allocations: 5295)
Completed 200 OK in 55ms (Views: 52.8ms | ActiveRecord: 0.9ms | Allocations: 6630)


Started GET "/" for ::1 at 2021-06-14 22:03:57 +0700
Processing by UsersController#index as HTML
  Rendering layout layouts/application.html.erb
  Rendering users/index.html.erb within layouts/application
  [1m[36mUser Load (0.8ms)[0m  [1m[34mSELECT `users`.* FROM `users`[0m
  ↳ app/views/users/index.html.erb:4
  Rendered users/index.html.erb within layouts/application (Duration: 5.9ms | Allocations: 1400)
[Webpacker] Everything's up-to-date. Nothing to do
  Rendered layout layouts/application.html.erb (Duration: 53.8ms | Allocations: 5292)
Completed 200 OK in 61ms (Views: 58.6ms | ActiveRecord: 0.8ms | Allocations: 6680)


Started GET "/" for ::1 at 2021-06-14 22:04:38 +0700
Processing by UsersController#index as HTML
  Rendering layout layouts/application.html.erb
  Rendering users/index.html.erb within layouts/application
  [1m[36mUser Load (0.8ms)[0m  [1m[34mSELECT `users`.* FROM `users`[0m
  ↳ app/views/users/index.html.erb:4
  Rendered users/index.html.erb within layouts/application (Duration: 5.7ms | Allocations: 1402)
[Webpacker] Everything's up-to-date. Nothing to do
  Rendered layout layouts/application.html.erb (Duration: 47.1ms | Allocations: 5294)
Completed 200 OK in 54ms (Views: 51.4ms | ActiveRecord: 0.8ms | Allocations: 6687)


Started GET "/" for ::1 at 2021-06-14 22:05:00 +0700
Processing by UsersController#index as HTML
  Rendering layout layouts/application.html.erb
  Rendering users/index.html.erb within layouts/application
  [1m[36mUser Load (0.8ms)[0m  [1m[34mSELECT `users`.* FROM `users`[0m
  ↳ app/views/users/index.html.erb:4:in `each_with_index'
  Rendered users/index.html.erb within layouts/application (Duration: 5.7ms | Allocations: 1404)
[Webpacker] Everything's up-to-date. Nothing to do
  Rendered layout layouts/application.html.erb (Duration: 47.1ms | Allocations: 5296)
Completed 200 OK in 54ms (Views: 51.4ms | ActiveRecord: 0.8ms | Allocations: 6683)


Started GET "/users/35" for ::1 at 2021-06-14 22:06:38 +0700
Processing by UsersController#show as HTML
  Parameters: {"id"=>"35"}
  [1m[36mUser Load (0.7ms)[0m  [1m[34mSELECT `users`.* FROM `users` WHERE `users`.`id` = 35 LIMIT 1[0m
  ↳ app/controllers/users_controller.rb:7:in `show'
  Rendering layout layouts/application.html.erb
  Rendering users/show.html.erb within layouts/application
  Rendered users/show.html.erb within layouts/application (Duration: 1.0ms | Allocations: 327)
[Webpacker] Everything's up-to-date. Nothing to do
  Rendered layout layouts/application.html.erb (Duration: 38.5ms | Allocations: 3829)
Completed 200 OK in 50ms (Views: 40.4ms | ActiveRecord: 0.7ms | Allocations: 5100)


Started GET "/" for ::1 at 2021-06-14 22:08:26 +0700
Processing by UsersController#index as HTML
  Rendering layout layouts/application.html.erb
  Rendering users/index.html.erb within layouts/application
  Rendered users/index.html.erb within layouts/application (Duration: 3.9ms | Allocations: 1255)
  Rendered layout layouts/application.html.erb (Duration: 7.0ms | Allocations: 1328)
Completed 500 Internal Server Error in 19ms (ActiveRecord: 0.0ms | Allocations: 2640)


  
ActionView::SyntaxErrorInTemplate (Encountered a syntax error while rendering template: check <h1>Users</h1>

<ul>
  <% @users.each_with_index do |user, index| %>
    <li id="item_<%= index %>" >
        <%= class name link_to user.name, user %>&nbsp;&nbsp;
        <%= link_to "Edit", edit_user_path(user) %>&nbsp;
        <%= link_to "Delete", user_path(user), method: :delete, data: {confirm: "Are you sure?"} %>
    </li>
  <% end %>
</ul>

<%= link_to "New User", new_user_path %>

):
1:    <h1>Users</h1>
2:    
3:    <ul>
4:      <% @users.each_with_index do |user, index| %>
5:        <li id="item_<%= index %>" >
6:            <%= class name link_to user.name, user %>&nbsp;&nbsp;
7:            <%= link_to "Edit", edit_user_path(user) %>&nbsp;
8:            <%= link_to "Delete", user_path(user), method: :delete, data: {confirm: "Are you sure?"} %>
9:        </li>
10:      <% end %>
11:    </ul>
12:    
13:    <%= link_to "New User", new_user_path %>
  
app/views/users/index.html.erb:6: class/module name must be CONSTANT
app/views/users/index.html.erb:6: class definition in method body
app/views/users/index.html.erb:6: syntax error, unexpected ')', expecting `end'
app/views/users/index.html.erb:16: syntax error, unexpected `end', expecting ')'
app/views/users/index.html.erb:6: class/module name must be CONSTANT
app/views/users/index.html.erb:6: class definition in method body
app/views/users/index.html.erb:6: syntax error, unexpected ')', expecting `end'
app/views/users/index.html.erb:16: syntax error, unexpected `end', expecting ')'
app/views/users/index.html.erb:6: class/module name must be CONSTANT
app/views/users/index.html.erb:6: class definition in method body
app/views/users/index.html.erb:6: syntax error, unexpected ')', expecting `end'
app/views/users/index.html.erb:16: syntax error, unexpected `end', expecting ')'
app/views/users/index.html.erb:6: class/module name must be CONSTANT
app/views/users/index.html.erb:6: class definition in method body
app/views/users/index.html.erb:6: syntax error, unexpected ')', expecting `end'
app/views/users/index.html.erb:16: syntax error, unexpected `end', expecting ')'
app/views/users/index.html.erb:6: class/module name must be CONSTANT
app/views/users/index.html.erb:6: class definition in method body
app/views/users/index.html.erb:6: syntax error, unexpected ')', expecting `end'
app/views/users/index.html.erb:16: syntax error, unexpected `end', expecting ')'
app/views/users/index.html.erb:6: class/module name must be CONSTANT
app/views/users/index.html.erb:6: class definition in method body
app/views/users/index.html.erb:6: syntax error, unexpected ')', expecting `end'
app/views/users/index.html.erb:16: syntax error, unexpected `end', expecting ')'
Started GET "/" for ::1 at 2021-06-14 22:09:29 +0700
Processing by UsersController#index as HTML
  Rendering layout layouts/application.html.erb
  Rendering users/index.html.erb within layouts/application
  [1m[36mUser Load (0.8ms)[0m  [1m[34mSELECT `users`.* FROM `users`[0m
  ↳ app/views/users/index.html.erb:4:in `each_with_index'
  Rendered users/index.html.erb within layouts/application (Duration: 10.7ms | Allocations: 1419)
[Webpacker] Everything's up-to-date. Nothing to do
  Rendered layout layouts/application.html.erb (Duration: 47.9ms | Allocations: 5316)
Completed 200 OK in 54ms (Views: 51.7ms | ActiveRecord: 0.8ms | Allocations: 6713)


Started GET "/users/35" for ::1 at 2021-06-14 22:11:50 +0700
Processing by UsersController#show as HTML
  Parameters: {"id"=>"35"}
  [1m[36mUser Load (0.8ms)[0m  [1m[34mSELECT `users`.* FROM `users` WHERE `users`.`id` = 35 LIMIT 1[0m
  ↳ app/controllers/users_controller.rb:7:in `show'
  Rendering layout layouts/application.html.erb
  Rendering users/show.html.erb within layouts/application
  Rendered users/show.html.erb within layouts/application (Duration: 0.8ms | Allocations: 422)
[Webpacker] Everything's up-to-date. Nothing to do
  Rendered layout layouts/application.html.erb (Duration: 33.0ms | Allocations: 4315)
Completed 200 OK in 49ms (Views: 38.6ms | ActiveRecord: 0.8ms | Allocations: 6325)


Started GET "/users" for ::1 at 2021-06-14 22:19:14 +0700
Processing by UsersController#index as HTML
  Rendering layout layouts/application.html.erb
  Rendering users/index.html.erb within layouts/application
  [1m[36mUser Load (0.8ms)[0m  [1m[34mSELECT `users`.* FROM `users`[0m
  ↳ app/views/users/index.html.erb:4:in `each_with_index'
  Rendered users/index.html.erb within layouts/application (Duration: 5.6ms | Allocations: 1629)
[Webpacker] Everything's up-to-date. Nothing to do
  Rendered layout layouts/application.html.erb (Duration: 48.0ms | Allocations: 5126)
Completed 200 OK in 51ms (Views: 49.4ms | ActiveRecord: 1.5ms | Allocations: 5780)


Started GET "/users/new" for ::1 at 2021-06-14 22:27:52 +0700
Processing by UsersController#new as HTML
  Rendering layout layouts/application.html.erb
  Rendering users/new.html.erb within layouts/application
  Rendered users/_form.html.erb (Duration: 5.5ms | Allocations: 1718)
  Rendered users/new.html.erb within layouts/application (Duration: 7.3ms | Allocations: 2025)
[Webpacker] Everything's up-to-date. Nothing to do
  Rendered layout layouts/application.html.erb (Duration: 43.7ms | Allocations: 5510)
Completed 200 OK in 48ms (Views: 45.5ms | Allocations: 6122)


Started GET "/users/new" for ::1 at 2021-06-14 22:28:01 +0700
Processing by UsersController#new as HTML
  Rendering layout layouts/application.html.erb
  Rendering users/new.html.erb within layouts/application
  Rendered users/_form.html.erb (Duration: 3.8ms | Allocations: 1231)
  Rendered users/new.html.erb within layouts/application (Duration: 4.7ms | Allocations: 1325)
[Webpacker] Everything's up-to-date. Nothing to do
  Rendered layout layouts/application.html.erb (Duration: 62.5ms | Allocations: 4814)
Completed 200 OK in 68ms (Views: 66.6ms | Allocations: 5295)


Started POST "/users" for ::1 at 2021-06-14 22:28:19 +0700
Processing by UsersController#create as HTML
  Parameters: {"authenticity_token"=>"[FILTERED]", "user"=>{"name"=>"Lam Nguyen", "username"=>"lamnguyen", "email"=>"lam@gmail.com", "phone"=>"023343343", "description"=>"This is Lam!"}, "commit"=>"Create User"}
  [1m[36mTRANSACTION (0.7ms)[0m  [1m[35mBEGIN[0m
  ↳ app/controllers/users_controller.rb:17:in `create'
  [1m[36mUser Create (1.1ms)[0m  [1m[32mINSERT INTO `users` (`name`, `username`, `email`, `phone`, `description`, `created_at`, `updated_at`) VALUES ('Lam Nguyen', 'lamnguyen', 'lam@gmail.com', '023343343', 'This is Lam!', '2021-06-14 15:28:19.379664', '2021-06-14 15:28:19.379664')[0m
  ↳ app/controllers/users_controller.rb:17:in `create'
  [1m[36mTRANSACTION (3.0ms)[0m  [1m[35mCOMMIT[0m
  ↳ app/controllers/users_controller.rb:17:in `create'
Redirected to http://localhost:3000/users/50
Completed 302 Found in 18ms (ActiveRecord: 5.4ms | Allocations: 2886)


Started GET "/users/50" for ::1 at 2021-06-14 22:28:19 +0700
Processing by UsersController#show as HTML
  Parameters: {"id"=>"50"}
  [1m[36mUser Load (0.8ms)[0m  [1m[34mSELECT `users`.* FROM `users` WHERE `users`.`id` = 50 LIMIT 1[0m
  ↳ app/controllers/users_controller.rb:7:in `show'
  Rendering layout layouts/application.html.erb
  Rendering users/show.html.erb within layouts/application
  Rendered users/show.html.erb within layouts/application (Duration: 0.4ms | Allocations: 139)
[Webpacker] Everything's up-to-date. Nothing to do
  Rendered layout layouts/application.html.erb (Duration: 39.4ms | Allocations: 3636)
Completed 200 OK in 48ms (Views: 40.8ms | ActiveRecord: 0.8ms | Allocations: 4716)


Started GET "/users" for ::1 at 2021-06-14 22:32:16 +0700
Processing by UsersController#index as HTML
  Rendering layout layouts/application.html.erb
  Rendering users/index.html.erb within layouts/application
  [1m[36mUser Load (0.8ms)[0m  [1m[34mSELECT `users`.* FROM `users`[0m
  ↳ app/views/users/index.html.erb:4:in `each_with_index'
  Rendered users/index.html.erb within layouts/application (Duration: 4.5ms | Allocations: 1882)
[Webpacker] Everything's up-to-date. Nothing to do
  Rendered layout layouts/application.html.erb (Duration: 48.2ms | Allocations: 5383)
Completed 200 OK in 51ms (Views: 49.1ms | ActiveRecord: 0.8ms | Allocations: 5862)


Started GET "/users" for ::1 at 2021-06-14 22:32:18 +0700
Processing by UsersController#index as HTML
  Rendering layout layouts/application.html.erb
  Rendering users/index.html.erb within layouts/application
  [1m[36mUser Load (0.8ms)[0m  [1m[34mSELECT `users`.* FROM `users`[0m
  ↳ app/views/users/index.html.erb:4:in `each_with_index'
  Rendered users/index.html.erb within layouts/application (Duration: 7.4ms | Allocations: 1882)
[Webpacker] Everything's up-to-date. Nothing to do
  Rendered layout layouts/application.html.erb (Duration: 46.5ms | Allocations: 5379)
Completed 200 OK in 49ms (Views: 47.4ms | ActiveRecord: 0.8ms | Allocations: 5855)


Started GET "/users" for ::1 at 2021-06-14 22:32:19 +0700
Processing by UsersController#index as HTML
  Rendering layout layouts/application.html.erb
  Rendering users/index.html.erb within layouts/application
  [1m[36mUser Load (1.0ms)[0m  [1m[34mSELECT `users`.* FROM `users`[0m
  ↳ app/views/users/index.html.erb:4:in `each_with_index'
  Rendered users/index.html.erb within layouts/application (Duration: 9.3ms | Allocations: 1882)
[Webpacker] Everything's up-to-date. Nothing to do
  Rendered layout layouts/application.html.erb (Duration: 61.6ms | Allocations: 5379)
Completed 200 OK in 65ms (Views: 63.2ms | ActiveRecord: 1.0ms | Allocations: 5855)


Started GET "/users" for ::1 at 2021-06-14 22:34:07 +0700
Processing by UsersController#index as HTML
  Rendering layout layouts/application.html.erb
  Rendering users/index.html.erb within layouts/application
  [1m[36mUser Load (0.8ms)[0m  [1m[34mSELECT `users`.* FROM `users`[0m
  ↳ app/views/users/index.html.erb:4:in `each_with_index'
  Rendered users/index.html.erb within layouts/application (Duration: 4.0ms | Allocations: 1131)
[Webpacker] Everything's up-to-date. Nothing to do
  Rendered layout layouts/application.html.erb (Duration: 46.8ms | Allocations: 4628)
Completed 200 OK in 49ms (Views: 47.8ms | ActiveRecord: 0.8ms | Allocations: 5104)


Started DELETE "/users/53" for ::1 at 2021-06-14 22:34:10 +0700
Processing by UsersController#destroy as HTML
  Parameters: {"authenticity_token"=>"[FILTERED]", "id"=>"53"}
  [1m[36mUser Load (0.8ms)[0m  [1m[34mSELECT `users`.* FROM `users` WHERE `users`.`id` = 53 LIMIT 1[0m
  ↳ app/controllers/users_controller.rb:39:in `destroy'
  [1m[36mTRANSACTION (0.7ms)[0m  [1m[35mBEGIN[0m
  ↳ app/controllers/users_controller.rb:41:in `destroy'
  [1m[36mUser Destroy (1.4ms)[0m  [1m[31mDELETE FROM `users` WHERE `users`.`id` = 53[0m
  ↳ app/controllers/users_controller.rb:41:in `destroy'
  [1m[36mTRANSACTION (3.7ms)[0m  [1m[35mCOMMIT[0m
  ↳ app/controllers/users_controller.rb:41:in `destroy'
Redirected to http://localhost:3000/
Completed 302 Found in 55ms (ActiveRecord: 6.6ms | Allocations: 2832)


Started GET "/" for ::1 at 2021-06-14 22:34:10 +0700
Processing by UsersController#index as HTML
  Rendering layout layouts/application.html.erb
  Rendering users/index.html.erb within layouts/application
  [1m[36mUser Load (0.9ms)[0m  [1m[34mSELECT `users`.* FROM `users`[0m
  ↳ app/views/users/index.html.erb:4:in `each_with_index'
  Rendered users/index.html.erb within layouts/application (Duration: 8.2ms | Allocations: 1008)
[Webpacker] Everything's up-to-date. Nothing to do
  Rendered layout layouts/application.html.erb (Duration: 44.2ms | Allocations: 4510)
Completed 200 OK in 55ms (Views: 53.5ms | ActiveRecord: 0.9ms | Allocations: 4987)


Started GET "/" for ::1 at 2021-06-14 22:34:13 +0700
Processing by UsersController#index as HTML
  Rendering layout layouts/application.html.erb
  Rendering users/index.html.erb within layouts/application
  [1m[36mUser Load (0.9ms)[0m  [1m[34mSELECT `users`.* FROM `users`[0m
  ↳ app/views/users/index.html.erb:4:in `each_with_index'
  Rendered users/index.html.erb within layouts/application (Duration: 4.5ms | Allocations: 1006)
[Webpacker] Everything's up-to-date. Nothing to do
  Rendered layout layouts/application.html.erb (Duration: 48.8ms | Allocations: 4503)
Completed 200 OK in 52ms (Views: 49.9ms | ActiveRecord: 0.9ms | Allocations: 4979)


Started GET "/users/35/edit" for ::1 at 2021-06-14 22:48:03 +0700
Processing by UsersController#edit as HTML
  Parameters: {"id"=>"35"}
  [1m[36mUser Load (0.7ms)[0m  [1m[34mSELECT `users`.* FROM `users` WHERE `users`.`id` = 35 LIMIT 1[0m
  ↳ app/controllers/users_controller.rb:25:in `edit'
  Rendering layout layouts/application.html.erb
  Rendering users/edit.html.erb within layouts/application
  Rendered users/_form.html.erb (Duration: 2.0ms | Allocations: 1300)
  Rendered users/edit.html.erb within layouts/application (Duration: 3.2ms | Allocations: 1482)
[Webpacker] Everything's up-to-date. Nothing to do
  Rendered layout layouts/application.html.erb (Duration: 34.8ms | Allocations: 4972)
Completed 200 OK in 47ms (Views: 40.8ms | ActiveRecord: 1.4ms | Allocations: 6414)


Started PATCH "/users/35" for ::1 at 2021-06-14 22:48:17 +0700
Processing by UsersController#update as HTML
  Parameters: {"authenticity_token"=>"[FILTERED]", "user"=>{"name"=>"Nhut Nguyen", "username"=>"nhutnguyen", "email"=>"nhut@gmail.com", "phone"=>"0909123456", "description"=>"This is Nhut!"}, "commit"=>"Update User", "id"=>"35"}
  [1m[36mUser Load (0.7ms)[0m  [1m[34mSELECT `users`.* FROM `users` WHERE `users`.`id` = 35 LIMIT 1[0m
  ↳ app/controllers/users_controller.rb:29:in `update'
Redirected to http://localhost:3000/users/35
Completed 302 Found in 10ms (ActiveRecord: 0.7ms | Allocations: 1186)


Started GET "/users/35" for ::1 at 2021-06-14 22:48:18 +0700
Processing by UsersController#show as HTML
  Parameters: {"id"=>"35"}
  [1m[36mUser Load (0.7ms)[0m  [1m[34mSELECT `users`.* FROM `users` WHERE `users`.`id` = 35 LIMIT 1[0m
  ↳ app/controllers/users_controller.rb:7:in `show'
  Rendering layout layouts/application.html.erb
  Rendering users/show.html.erb within layouts/application
  Rendered users/show.html.erb within layouts/application (Duration: 0.4ms | Allocations: 139)
[Webpacker] Everything's up-to-date. Nothing to do
  Rendered layout layouts/application.html.erb (Duration: 40.3ms | Allocations: 3636)
Completed 200 OK in 51ms (Views: 43.0ms | ActiveRecord: 0.7ms | Allocations: 4705)


Started GET "/users" for ::1 at 2021-06-14 22:50:20 +0700
Processing by UsersController#index as HTML
  Rendering layout layouts/application.html.erb
  Rendering users/index.html.erb within layouts/application
  [1m[36mUser Load (1.8ms)[0m  [1m[34mSELECT `users`.* FROM `users`[0m
  ↳ app/views/users/index.html.erb:4:in `each_with_index'
  Rendered users/index.html.erb within layouts/application (Duration: 3.7ms | Allocations: 1006)
[Webpacker] Everything's up-to-date. Nothing to do
  Rendered layout layouts/application.html.erb (Duration: 47.6ms | Allocations: 4503)
Completed 200 OK in 50ms (Views: 48.0ms | ActiveRecord: 1.8ms | Allocations: 4982)


Started GET "/users/36/edit" for ::1 at 2021-06-14 22:50:30 +0700
Processing by UsersController#edit as HTML
  Parameters: {"id"=>"36"}
  [1m[36mUser Load (0.6ms)[0m  [1m[34mSELECT `users`.* FROM `users` WHERE `users`.`id` = 36 LIMIT 1[0m
  ↳ app/controllers/users_controller.rb:25:in `edit'
  Rendering layout layouts/application.html.erb
  Rendering users/edit.html.erb within layouts/application
  Rendered users/_form.html.erb (Duration: 1.6ms | Allocations: 1276)
  Rendered users/edit.html.erb within layouts/application (Duration: 6.6ms | Allocations: 1370)
[Webpacker] Everything's up-to-date. Nothing to do
  Rendered layout layouts/application.html.erb (Duration: 38.1ms | Allocations: 4858)
Completed 200 OK in 48ms (Views: 40.6ms | ActiveRecord: 0.6ms | Allocations: 5928)


Started GET "/users" for ::1 at 2021-06-14 22:50:32 +0700
Processing by UsersController#index as HTML
  Rendering layout layouts/application.html.erb
  Rendering users/index.html.erb within layouts/application
  [1m[36mUser Load (0.8ms)[0m  [1m[34mSELECT `users`.* FROM `users`[0m
  ↳ app/views/users/index.html.erb:4:in `each_with_index'
  Rendered users/index.html.erb within layouts/application (Duration: 4.1ms | Allocations: 1008)
[Webpacker] Everything's up-to-date. Nothing to do
  Rendered layout layouts/application.html.erb (Duration: 40.8ms | Allocations: 4513)
Completed 200 OK in 50ms (Views: 48.2ms | ActiveRecord: 0.8ms | Allocations: 4993)


Started DELETE "/users/36" for ::1 at 2021-06-14 22:50:42 +0700
Processing by UsersController#destroy as HTML
  Parameters: {"authenticity_token"=>"[FILTERED]", "id"=>"36"}
  [1m[36mUser Load (0.6ms)[0m  [1m[34mSELECT `users`.* FROM `users` WHERE `users`.`id` = 36 LIMIT 1[0m
  ↳ app/controllers/users_controller.rb:39:in `destroy'
  [1m[36mTRANSACTION (1.0ms)[0m  [1m[35mBEGIN[0m
  ↳ app/controllers/users_controller.rb:41:in `destroy'
  [1m[36mUser Destroy (1.6ms)[0m  [1m[31mDELETE FROM `users` WHERE `users`.`id` = 36[0m
  ↳ app/controllers/users_controller.rb:41:in `destroy'
  [1m[36mTRANSACTION (3.2ms)[0m  [1m[35mCOMMIT[0m
  ↳ app/controllers/users_controller.rb:41:in `destroy'
Redirected to http://localhost:3000/
Completed 302 Found in 30ms (ActiveRecord: 6.4ms | Allocations: 2740)


Started GET "/" for ::1 at 2021-06-14 22:50:42 +0700
Processing by UsersController#index as HTML
  Rendering layout layouts/application.html.erb
  Rendering users/index.html.erb within layouts/application
  [1m[36mUser Load (0.8ms)[0m  [1m[34mSELECT `users`.* FROM `users`[0m
  ↳ app/views/users/index.html.erb:4:in `each_with_index'
  Rendered users/index.html.erb within layouts/application (Duration: 2.4ms | Allocations: 881)
[Webpacker] Everything's up-to-date. Nothing to do
  Rendered layout layouts/application.html.erb (Duration: 47.1ms | Allocations: 4378)
Completed 200 OK in 50ms (Views: 48.3ms | ActiveRecord: 0.8ms | Allocations: 4854)


